<?xml version="1.0" encoding="UTF-8"?>
<coverage generated="1751448130083" clover="3.2.0">
  <project timestamp="1751448130083" name="All files">
    <metrics statements="123" coveredstatements="32" conditionals="48" coveredconditionals="6" methods="39" coveredmethods="5" elements="210" coveredelements="43" complexity="0" loc="123" ncloc="123" packages="7" files="16" classes="16"/>
    <package name="src">
      <metrics statements="2" coveredstatements="0" conditionals="0" coveredconditionals="0" methods="0" coveredmethods="0"/>
      <file name="index.js" path="/Users/mac/Documents/Vinh/Tech/Repo/Node/test4/frontend/src/index.js">
        <metrics statements="2" coveredstatements="0" conditionals="0" coveredconditionals="0" methods="0" coveredmethods="0"/>
        <line num="7" count="0" type="stmt"/>
        <line num="8" count="0" type="stmt"/>
      </file>
    </package>
    <package name="src.apis">
      <metrics statements="14" coveredstatements="6" conditionals="4" coveredconditionals="0" methods="2" coveredmethods="0"/>
      <file name="items.js" path="/Users/mac/Documents/Vinh/Tech/Repo/Node/test4/frontend/src/apis/items.js">
        <metrics statements="7" coveredstatements="3" conditionals="2" coveredconditionals="0" methods="1" coveredmethods="0"/>
        <line num="1" count="1" type="stmt"/>
        <line num="2" count="1" type="stmt"/>
        <line num="5" count="1" type="stmt"/>
        <line num="6" count="0" type="stmt"/>
        <line num="7" count="0" type="cond" truecount="0" falsecount="2"/>
        <line num="8" count="0" type="stmt"/>
        <line num="10" count="0" type="stmt"/>
      </file>
      <file name="stats.js" path="/Users/mac/Documents/Vinh/Tech/Repo/Node/test4/frontend/src/apis/stats.js">
        <metrics statements="7" coveredstatements="3" conditionals="2" coveredconditionals="0" methods="1" coveredmethods="0"/>
        <line num="1" count="1" type="stmt"/>
        <line num="2" count="1" type="stmt"/>
        <line num="5" count="1" type="stmt"/>
        <line num="6" count="0" type="stmt"/>
        <line num="7" count="0" type="cond" truecount="0" falsecount="2"/>
        <line num="8" count="0" type="stmt"/>
        <line num="10" count="0" type="stmt"/>
      </file>
    </package>
    <package name="src.components">
      <metrics statements="25" coveredstatements="0" conditionals="16" coveredconditionals="0" methods="11" coveredmethods="0"/>
      <file name="ErrorAlert.jsx" path="/Users/mac/Documents/Vinh/Tech/Repo/Node/test4/frontend/src/components/ErrorAlert.jsx">
        <metrics statements="1" coveredstatements="0" conditionals="0" coveredconditionals="0" methods="1" coveredmethods="0"/>
        <line num="4" count="0" type="stmt"/>
      </file>
      <file name="ErrorFallback.jsx" path="/Users/mac/Documents/Vinh/Tech/Repo/Node/test4/frontend/src/components/ErrorFallback.jsx">
        <metrics statements="3" coveredstatements="0" conditionals="4" coveredconditionals="0" methods="1" coveredmethods="0"/>
        <line num="7" count="0" type="cond" truecount="0" falsecount="4"/>
        <line num="8" count="0" type="stmt"/>
        <line num="10" count="0" type="stmt"/>
      </file>
      <file name="PaginationWindow.jsx" path="/Users/mac/Documents/Vinh/Tech/Repo/Node/test4/frontend/src/components/PaginationWindow.jsx">
        <metrics statements="17" coveredstatements="0" conditionals="12" coveredconditionals="0" methods="6" coveredmethods="0"/>
        <line num="28" count="0" type="stmt"/>
        <line num="29" count="0" type="stmt"/>
        <line num="33" count="0" type="stmt"/>
        <line num="37" count="0" type="cond" truecount="0" falsecount="2"/>
        <line num="38" count="0" type="cond" truecount="0" falsecount="2"/>
        <line num="39" count="0" type="stmt"/>
        <line num="43" count="0" type="stmt"/>
        <line num="48" count="0" type="cond" truecount="0" falsecount="2"/>
        <line num="52" count="0" type="cond" truecount="0" falsecount="2"/>
        <line num="55" count="0" type="cond" truecount="0" falsecount="2"/>
        <line num="58" count="0" type="stmt"/>
        <line num="60" count="0" type="cond" truecount="0" falsecount="2"/>
        <line num="61" count="0" type="stmt"/>
        <line num="63" count="0" type="stmt"/>
        <line num="66" count="0" type="stmt"/>
        <line num="70" count="0" type="stmt"/>
        <line num="78" count="0" type="stmt"/>
      </file>
      <file name="ScrollTable.jsx" path="/Users/mac/Documents/Vinh/Tech/Repo/Node/test4/frontend/src/components/ScrollTable.jsx">
        <metrics statements="3" coveredstatements="0" conditionals="0" coveredconditionals="0" methods="2" coveredmethods="0"/>
        <line num="4" count="0" type="stmt"/>
        <line num="5" count="0" type="stmt"/>
        <line num="7" count="0" type="stmt"/>
      </file>
      <file name="Spinner.jsx" path="/Users/mac/Documents/Vinh/Tech/Repo/Node/test4/frontend/src/components/Spinner.jsx">
        <metrics statements="1" coveredstatements="0" conditionals="0" coveredconditionals="0" methods="1" coveredmethods="0"/>
        <line num="4" count="0" type="stmt"/>
      </file>
    </package>
    <package name="src.components.ui">
      <metrics statements="3" coveredstatements="0" conditionals="0" coveredconditionals="0" methods="3" coveredmethods="0"/>
      <file name="ArrowGoBackFill.jsx" path="/Users/mac/Documents/Vinh/Tech/Repo/Node/test4/frontend/src/components/ui/ArrowGoBackFill.jsx">
        <metrics statements="1" coveredstatements="0" conditionals="0" coveredconditionals="0" methods="1" coveredmethods="0"/>
        <line num="2" count="0" type="stmt"/>
      </file>
      <file name="Error.jsx" path="/Users/mac/Documents/Vinh/Tech/Repo/Node/test4/frontend/src/components/ui/Error.jsx">
        <metrics statements="1" coveredstatements="0" conditionals="0" coveredconditionals="0" methods="1" coveredmethods="0"/>
        <line num="2" count="0" type="stmt"/>
      </file>
      <file name="RetryFailed.jsx" path="/Users/mac/Documents/Vinh/Tech/Repo/Node/test4/frontend/src/components/ui/RetryFailed.jsx">
        <metrics statements="1" coveredstatements="0" conditionals="0" coveredconditionals="0" methods="1" coveredmethods="0"/>
        <line num="2" count="0" type="stmt"/>
      </file>
    </package>
    <package name="src.hooks">
      <metrics statements="24" coveredstatements="0" conditionals="8" coveredconditionals="0" methods="4" coveredmethods="0"/>
      <file name="useAbortableFetch.js" path="/Users/mac/Documents/Vinh/Tech/Repo/Node/test4/frontend/src/hooks/useAbortableFetch.js">
        <metrics statements="24" coveredstatements="0" conditionals="8" coveredconditionals="0" methods="4" coveredmethods="0"/>
        <line num="5" count="0" type="stmt"/>
        <line num="6" count="0" type="stmt"/>
        <line num="7" count="0" type="stmt"/>
        <line num="9" count="0" type="stmt"/>
        <line num="11" count="0" type="stmt"/>
        <line num="12" count="0" type="stmt"/>
        <line num="14" count="0" type="stmt"/>
        <line num="15" count="0" type="stmt"/>
        <line num="16" count="0" type="stmt"/>
        <line num="17" count="0" type="stmt"/>
        <line num="20" count="0" type="cond" truecount="0" falsecount="2"/>
        <line num="21" count="0" type="stmt"/>
        <line num="23" count="0" type="stmt"/>
        <line num="24" count="0" type="stmt"/>
        <line num="27" count="0" type="cond" truecount="0" falsecount="2"/>
        <line num="29" count="0" type="stmt"/>
        <line num="31" count="0" type="cond" truecount="0" falsecount="2"/>
        <line num="32" count="0" type="stmt"/>
        <line num="34" count="0" type="stmt"/>
        <line num="38" count="0" type="cond" truecount="0" falsecount="2"/>
        <line num="39" count="0" type="stmt"/>
        <line num="42" count="0" type="stmt"/>
        <line num="44" count="0" type="stmt"/>
        <line num="48" count="0" type="stmt"/>
      </file>
    </package>
    <package name="src.pages">
      <metrics statements="42" coveredstatements="24" conditionals="20" coveredconditionals="6" methods="15" coveredmethods="5"/>
      <file name="App.jsx" path="/Users/mac/Documents/Vinh/Tech/Repo/Node/test4/frontend/src/pages/App.jsx">
        <metrics statements="1" coveredstatements="0" conditionals="0" coveredconditionals="0" methods="1" coveredmethods="0"/>
        <line num="21" count="0" type="stmt"/>
      </file>
      <file name="ItemDetail.jsx" path="/Users/mac/Documents/Vinh/Tech/Repo/Node/test4/frontend/src/pages/ItemDetail.jsx">
        <metrics statements="10" coveredstatements="0" conditionals="8" coveredconditionals="0" methods="2" coveredmethods="0"/>
        <line num="11" count="0" type="stmt"/>
        <line num="14" count="0" type="stmt"/>
        <line num="15" count="0" type="stmt"/>
        <line num="16" count="0" type="stmt"/>
        <line num="30" count="0" type="stmt"/>
        <line num="31" count="0" type="cond" truecount="0" falsecount="2"/>
        <line num="33" count="0" type="cond" truecount="0" falsecount="4"/>
        <line num="34" count="0" type="cond" truecount="0" falsecount="2"/>
        <line num="42" count="0" type="stmt"/>
        <line num="51" count="0" type="stmt"/>
      </file>
      <file name="Items.jsx" path="/Users/mac/Documents/Vinh/Tech/Repo/Node/test4/frontend/src/pages/Items.jsx">
        <metrics statements="31" coveredstatements="24" conditionals="12" coveredconditionals="6" methods="12" coveredmethods="5"/>
        <line num="102" count="11" type="stmt"/>
        <line num="108" count="10" type="stmt"/>
        <line num="109" count="10" type="stmt"/>
        <line num="110" count="10" type="stmt"/>
        <line num="111" count="10" type="stmt"/>
        <line num="116" count="10" type="stmt"/>
        <line num="118" count="5" type="stmt"/>
        <line num="123" count="5" type="stmt"/>
        <line num="125" count="5" type="cond" truecount="1" falsecount="1"/>
        <line num="126" count="0" type="stmt"/>
        <line num="128" count="5" type="stmt"/>
        <line num="129" count="5" type="stmt"/>
        <line num="130" count="5" type="stmt"/>
        <line num="131" count="5" type="stmt"/>
        <line num="134" count="5" type="stmt"/>
        <line num="142" count="0" type="stmt"/>
        <line num="148" count="5" type="stmt"/>
        <line num="152" count="5" type="stmt"/>
        <line num="156" count="10" type="stmt"/>
        <line num="158" count="5" type="stmt"/>
        <line num="160" count="5" type="stmt"/>
        <line num="161" count="5" type="stmt"/>
        <line num="163" count="5" type="stmt"/>
        <line num="165" count="5" type="stmt"/>
        <line num="169" count="10" type="stmt"/>
        <line num="172" count="0" type="stmt"/>
        <line num="180" count="0" type="stmt"/>
        <line num="184" count="10" type="stmt"/>
        <line num="199" count="0" type="stmt"/>
        <line num="201" count="0" type="stmt"/>
        <line num="226" count="0" type="stmt"/>
      </file>
    </package>
    <package name="src.state">
      <metrics statements="13" coveredstatements="2" conditionals="0" coveredconditionals="0" methods="4" coveredmethods="0"/>
      <file name="DataContext.jsx" path="/Users/mac/Documents/Vinh/Tech/Repo/Node/test4/frontend/src/state/DataContext.jsx">
        <metrics statements="13" coveredstatements="2" conditionals="0" coveredconditionals="0" methods="4" coveredmethods="0"/>
        <line num="3" count="1" type="stmt"/>
        <line num="6" count="0" type="stmt"/>
        <line num="9" count="0" type="stmt"/>
        <line num="10" count="0" type="stmt"/>
        <line num="11" count="0" type="stmt"/>
        <line num="12" count="0" type="stmt"/>
        <line num="14" count="0" type="stmt"/>
        <line num="16" count="0" type="stmt"/>
        <line num="17" count="0" type="stmt"/>
        <line num="22" count="0" type="stmt"/>
        <line num="23" count="0" type="stmt"/>
        <line num="26" count="0" type="stmt"/>
        <line num="33" count="1" type="stmt"/>
      </file>
    </package>
  </project>
</coverage>
