{"/Users/mac/Documents/Vinh/Tech/Repo/Node/test4/frontend/src/index.js": {"path":"/Users/mac/Documents/Vinh/Tech/Repo/Node/test4/frontend/src/index.js","statementMap":{"0":{"start":{"line":7,"column":13},"end":{"line":7,"column":65}},"1":{"start":{"line":8,"column":0},"end":{"line":18,"column":2}}},"fnMap":{},"branchMap":{},"s":{"0":0,"1":0},"f":{},"b":{}}
,"/Users/mac/Documents/Vinh/Tech/Repo/Node/test4/frontend/src/apis/items.js": {"path":"/Users/mac/Documents/Vinh/Tech/Repo/Node/test4/frontend/src/apis/items.js","statementMap":{"0":{"start":{"line":1,"column":16},"end":{"line":1,"column":45}},"1":{"start":{"line":2,"column":22},"end":{"line":2,"column":44}},"2":{"start":{"line":5,"column":26},"end":{"line":11,"column":1}},"3":{"start":{"line":6,"column":21},"end":{"line":6,"column":67}},"4":{"start":{"line":7,"column":4},"end":{"line":9,"column":5}},"5":{"start":{"line":8,"column":8},"end":{"line":8,"column":70}},"6":{"start":{"line":10,"column":4},"end":{"line":10,"column":27}}},"fnMap":{"0":{"name":"(anonymous_0)","decl":{"start":{"line":5,"column":26},"end":{"line":5,"column":27}},"loc":{"start":{"line":5,"column":49},"end":{"line":11,"column":1}},"line":5}},"branchMap":{"0":{"loc":{"start":{"line":7,"column":4},"end":{"line":9,"column":5}},"type":"if","locations":[{"start":{"line":7,"column":4},"end":{"line":9,"column":5}},{"start":{},"end":{}}],"line":7}},"s":{"0":1,"1":1,"2":1,"3":0,"4":0,"5":0,"6":0},"f":{"0":0},"b":{"0":[0,0]},"_coverageSchema":"1a1c01bbd47fc00a2c39e90264f33305004495a9","hash":"1a072b7d081d3e51c95d2433c78ebbd04e544535"}
,"/Users/mac/Documents/Vinh/Tech/Repo/Node/test4/frontend/src/apis/stats.js": {"path":"/Users/mac/Documents/Vinh/Tech/Repo/Node/test4/frontend/src/apis/stats.js","statementMap":{"0":{"start":{"line":1,"column":16},"end":{"line":1,"column":45}},"1":{"start":{"line":2,"column":20},"end":{"line":2,"column":42}},"2":{"start":{"line":5,"column":26},"end":{"line":11,"column":1}},"3":{"start":{"line":6,"column":21},"end":{"line":6,"column":50}},"4":{"start":{"line":7,"column":4},"end":{"line":9,"column":5}},"5":{"start":{"line":8,"column":8},"end":{"line":8,"column":70}},"6":{"start":{"line":10,"column":4},"end":{"line":10,"column":27}}},"fnMap":{"0":{"name":"(anonymous_0)","decl":{"start":{"line":5,"column":26},"end":{"line":5,"column":27}},"loc":{"start":{"line":5,"column":38},"end":{"line":11,"column":1}},"line":5}},"branchMap":{"0":{"loc":{"start":{"line":7,"column":4},"end":{"line":9,"column":5}},"type":"if","locations":[{"start":{"line":7,"column":4},"end":{"line":9,"column":5}},{"start":{},"end":{}}],"line":7}},"s":{"0":1,"1":1,"2":1,"3":0,"4":0,"5":0,"6":0},"f":{"0":0},"b":{"0":[0,0]},"_coverageSchema":"1a1c01bbd47fc00a2c39e90264f33305004495a9","hash":"0220f81b6addb109b9cdbf009d228a45c33c37a4"}
,"/Users/mac/Documents/Vinh/Tech/Repo/Node/test4/frontend/src/components/ErrorAlert.jsx": {"path":"/Users/mac/Documents/Vinh/Tech/Repo/Node/test4/frontend/src/components/ErrorAlert.jsx","statementMap":{"0":{"start":{"line":4,"column":4},"end":{"line":11,"column":5}}},"fnMap":{"0":{"name":"ErrorAlert","decl":{"start":{"line":3,"column":24},"end":{"line":3,"column":34}},"loc":{"start":{"line":3,"column":67},"end":{"line":12,"column":1}},"line":3}},"branchMap":{},"s":{"0":0},"f":{"0":0},"b":{}}
,"/Users/mac/Documents/Vinh/Tech/Repo/Node/test4/frontend/src/components/ErrorFallback.jsx": {"path":"/Users/mac/Documents/Vinh/Tech/Repo/Node/test4/frontend/src/components/ErrorFallback.jsx","statementMap":{"0":{"start":{"line":7,"column":25},"end":{"line":7,"column":71}},"1":{"start":{"line":8,"column":4},"end":{"line":8,"column":46}},"2":{"start":{"line":10,"column":4},"end":{"line":21,"column":6}}},"fnMap":{"0":{"name":"ErrorFallback","decl":{"start":{"line":4,"column":9},"end":{"line":4,"column":22}},"loc":{"start":{"line":4,"column":54},"end":{"line":22,"column":1}},"line":4}},"branchMap":{"0":{"loc":{"start":{"line":7,"column":25},"end":{"line":7,"column":71}},"type":"cond-expr","locations":[{"start":{"line":7,"column":50},"end":{"line":7,"column":63}},{"start":{"line":7,"column":66},"end":{"line":7,"column":71}}],"line":7},"1":{"loc":{"start":{"line":7,"column":25},"end":{"line":7,"column":47}},"type":"binary-expr","locations":[{"start":{"line":7,"column":25},"end":{"line":7,"column":30}},{"start":{"line":7,"column":34},"end":{"line":7,"column":47}}],"line":7}},"s":{"0":0,"1":0,"2":0},"f":{"0":0},"b":{"0":[0,0],"1":[0,0]}}
,"/Users/mac/Documents/Vinh/Tech/Repo/Node/test4/frontend/src/components/PaginationWindow.jsx": {"path":"/Users/mac/Documents/Vinh/Tech/Repo/Node/test4/frontend/src/components/PaginationWindow.jsx","statementMap":{"0":{"start":{"line":28,"column":30},"end":{"line":28,"column":42}},"1":{"start":{"line":29,"column":26},"end":{"line":29,"column":39}},"2":{"start":{"line":33,"column":4},"end":{"line":45,"column":21}},"3":{"start":{"line":37,"column":8},"end":{"line":41,"column":9}},"4":{"start":{"line":38,"column":12},"end":{"line":40,"column":13}},"5":{"start":{"line":39,"column":16},"end":{"line":39,"column":68}},"6":{"start":{"line":43,"column":8},"end":{"line":43,"column":37}},"7":{"start":{"line":48,"column":22},"end":{"line":48,"column":67}},"8":{"start":{"line":52,"column":26},"end":{"line":52,"column":70}},"9":{"start":{"line":55,"column":25},"end":{"line":55,"column":70}},"10":{"start":{"line":55,"column":34},"end":{"line":55,"column":70}},"11":{"start":{"line":58,"column":17},"end":{"line":67,"column":5}},"12":{"start":{"line":60,"column":8},"end":{"line":64,"column":9}},"13":{"start":{"line":61,"column":12},"end":{"line":61,"column":34}},"14":{"start":{"line":63,"column":12},"end":{"line":63,"column":54}},"15":{"start":{"line":66,"column":8},"end":{"line":66,"column":50}},"16":{"start":{"line":70,"column":4},"end":{"line":91,"column":6}},"17":{"start":{"line":78,"column":16},"end":{"line":88,"column":23}}},"fnMap":{"0":{"name":"PaginationWindow","decl":{"start":{"line":7,"column":24},"end":{"line":7,"column":40}},"loc":{"start":{"line":25,"column":3},"end":{"line":92,"column":1}},"line":25},"1":{"name":"(anonymous_1)","decl":{"start":{"line":33,"column":14},"end":{"line":33,"column":15}},"loc":{"start":{"line":33,"column":20},"end":{"line":45,"column":5}},"line":33},"2":{"name":"(anonymous_2)","decl":{"start":{"line":52,"column":46},"end":{"line":52,"column":47}},"loc":{"start":{"line":52,"column":52},"end":{"line":52,"column":55}},"line":52},"3":{"name":"(anonymous_3)","decl":{"start":{"line":55,"column":25},"end":{"line":55,"column":26}},"loc":{"start":{"line":55,"column":34},"end":{"line":55,"column":70}},"line":55},"4":{"name":"(anonymous_4)","decl":{"start":{"line":58,"column":17},"end":{"line":58,"column":18}},"loc":{"start":{"line":58,"column":39},"end":{"line":67,"column":5}},"line":58},"5":{"name":"(anonymous_5)","decl":{"start":{"line":77,"column":13},"end":{"line":77,"column":14}},"loc":{"start":{"line":78,"column":16},"end":{"line":88,"column":23}},"line":78}},"branchMap":{"0":{"loc":{"start":{"line":37,"column":8},"end":{"line":41,"column":9}},"type":"if","locations":[{"start":{"line":37,"column":8},"end":{"line":41,"column":9}},{"start":{},"end":{}}],"line":37},"1":{"loc":{"start":{"line":38,"column":12},"end":{"line":40,"column":13}},"type":"if","locations":[{"start":{"line":38,"column":12},"end":{"line":40,"column":13}},{"start":{},"end":{}}],"line":38},"2":{"loc":{"start":{"line":48,"column":22},"end":{"line":48,"column":67}},"type":"cond-expr","locations":[{"start":{"line":48,"column":36},"end":{"line":48,"column":52}},{"start":{"line":48,"column":55},"end":{"line":48,"column":67}}],"line":48},"3":{"loc":{"start":{"line":52,"column":26},"end":{"line":52,"column":70}},"type":"cond-expr","locations":[{"start":{"line":52,"column":46},"end":{"line":52,"column":55}},{"start":{"line":52,"column":58},"end":{"line":52,"column":70}}],"line":52},"4":{"loc":{"start":{"line":55,"column":34},"end":{"line":55,"column":70}},"type":"binary-expr","locations":[{"start":{"line":55,"column":34},"end":{"line":55,"column":46}},{"start":{"line":55,"column":50},"end":{"line":55,"column":70}}],"line":55},"5":{"loc":{"start":{"line":60,"column":8},"end":{"line":64,"column":9}},"type":"if","locations":[{"start":{"line":60,"column":8},"end":{"line":64,"column":9}},{"start":{"line":62,"column":15},"end":{"line":64,"column":9}}],"line":60}},"s":{"0":0,"1":0,"2":0,"3":0,"4":0,"5":0,"6":0,"7":0,"8":0,"9":0,"10":0,"11":0,"12":0,"13":0,"14":0,"15":0,"16":0,"17":0},"f":{"0":0,"1":0,"2":0,"3":0,"4":0,"5":0},"b":{"0":[0,0],"1":[0,0],"2":[0,0],"3":[0,0],"4":[0,0],"5":[0,0]}}
,"/Users/mac/Documents/Vinh/Tech/Repo/Node/test4/frontend/src/components/ScrollTable.jsx": {"path":"/Users/mac/Documents/Vinh/Tech/Repo/Node/test4/frontend/src/components/ScrollTable.jsx","statementMap":{"0":{"start":{"line":4,"column":23},"end":{"line":5,"column":68}},"1":{"start":{"line":5,"column":8},"end":{"line":5,"column":67}},"2":{"start":{"line":7,"column":4},"end":{"line":15,"column":5}}},"fnMap":{"0":{"name":"ScrollTable","decl":{"start":{"line":3,"column":9},"end":{"line":3,"column":20}},"loc":{"start":{"line":3,"column":79},"end":{"line":16,"column":1}},"line":3},"1":{"name":"(anonymous_1)","decl":{"start":{"line":4,"column":50},"end":{"line":4,"column":51}},"loc":{"start":{"line":5,"column":8},"end":{"line":5,"column":67}},"line":5}},"branchMap":{},"s":{"0":0,"1":0,"2":0},"f":{"0":0,"1":0},"b":{}}
,"/Users/mac/Documents/Vinh/Tech/Repo/Node/test4/frontend/src/components/Spinner.jsx": {"path":"/Users/mac/Documents/Vinh/Tech/Repo/Node/test4/frontend/src/components/Spinner.jsx","statementMap":{"0":{"start":{"line":4,"column":4},"end":{"line":6,"column":6}}},"fnMap":{"0":{"name":"Spinner","decl":{"start":{"line":3,"column":24},"end":{"line":3,"column":31}},"loc":{"start":{"line":3,"column":39},"end":{"line":7,"column":1}},"line":3}},"branchMap":{},"s":{"0":0},"f":{"0":0},"b":{}}
,"/Users/mac/Documents/Vinh/Tech/Repo/Node/test4/frontend/src/components/ui/ArrowGoBackFill.jsx": {"path":"/Users/mac/Documents/Vinh/Tech/Repo/Node/test4/frontend/src/components/ui/ArrowGoBackFill.jsx","statementMap":{"0":{"start":{"line":2,"column":4},"end":{"line":15,"column":5}}},"fnMap":{"0":{"name":"ArrowGoBackFill","decl":{"start":{"line":1,"column":16},"end":{"line":1,"column":31}},"loc":{"start":{"line":1,"column":39},"end":{"line":16,"column":1}},"line":1}},"branchMap":{},"s":{"0":0},"f":{"0":0},"b":{}}
,"/Users/mac/Documents/Vinh/Tech/Repo/Node/test4/frontend/src/components/ui/Error.jsx": {"path":"/Users/mac/Documents/Vinh/Tech/Repo/Node/test4/frontend/src/components/ui/Error.jsx","statementMap":{"0":{"start":{"line":2,"column":4},"end":{"line":15,"column":5}}},"fnMap":{"0":{"name":"Error","decl":{"start":{"line":1,"column":16},"end":{"line":1,"column":21}},"loc":{"start":{"line":1,"column":29},"end":{"line":16,"column":1}},"line":1}},"branchMap":{},"s":{"0":0},"f":{"0":0},"b":{}}
,"/Users/mac/Documents/Vinh/Tech/Repo/Node/test4/frontend/src/components/ui/RetryFailed.jsx": {"path":"/Users/mac/Documents/Vinh/Tech/Repo/Node/test4/frontend/src/components/ui/RetryFailed.jsx","statementMap":{"0":{"start":{"line":2,"column":4},"end":{"line":15,"column":5}}},"fnMap":{"0":{"name":"RetryFailed","decl":{"start":{"line":1,"column":16},"end":{"line":1,"column":27}},"loc":{"start":{"line":1,"column":35},"end":{"line":16,"column":1}},"line":1}},"branchMap":{},"s":{"0":0},"f":{"0":0},"b":{}}
,"/Users/mac/Documents/Vinh/Tech/Repo/Node/test4/frontend/src/hooks/useAbortableFetch.js": {"path":"/Users/mac/Documents/Vinh/Tech/Repo/Node/test4/frontend/src/hooks/useAbortableFetch.js","statementMap":{"0":{"start":{"line":5,"column":28},"end":{"line":5,"column":42}},"1":{"start":{"line":6,"column":36},"end":{"line":6,"column":50}},"2":{"start":{"line":7,"column":30},"end":{"line":7,"column":44}},"3":{"start":{"line":9,"column":4},"end":{"line":46,"column":14}},"4":{"start":{"line":11,"column":32},"end":{"line":11,"column":53}},"5":{"start":{"line":12,"column":23},"end":{"line":12,"column":45}},"6":{"start":{"line":14,"column":8},"end":{"line":14,"column":25}},"7":{"start":{"line":15,"column":26},"end":{"line":36,"column":9}},"8":{"start":{"line":16,"column":12},"end":{"line":35,"column":13}},"9":{"start":{"line":17,"column":33},"end":{"line":17,"column":61}},"10":{"start":{"line":20,"column":16},"end":{"line":22,"column":17}},"11":{"start":{"line":21,"column":20},"end":{"line":21,"column":82}},"12":{"start":{"line":23,"column":35},"end":{"line":23,"column":56}},"13":{"start":{"line":24,"column":16},"end":{"line":24,"column":36}},"14":{"start":{"line":27,"column":16},"end":{"line":30,"column":17}},"15":{"start":{"line":29,"column":20},"end":{"line":29,"column":27}},"16":{"start":{"line":31,"column":16},"end":{"line":31,"column":58}},"17":{"start":{"line":32,"column":16},"end":{"line":32,"column":44}},"18":{"start":{"line":34,"column":16},"end":{"line":34,"column":34}},"19":{"start":{"line":38,"column":8},"end":{"line":40,"column":9}},"20":{"start":{"line":39,"column":12},"end":{"line":39,"column":24}},"21":{"start":{"line":42,"column":8},"end":{"line":45,"column":10}},"22":{"start":{"line":44,"column":12},"end":{"line":44,"column":36}},"23":{"start":{"line":48,"column":4},"end":{"line":48,"column":38}}},"fnMap":{"0":{"name":"useAbortableFetch","decl":{"start":{"line":4,"column":9},"end":{"line":4,"column":26}},"loc":{"start":{"line":4,"column":32},"end":{"line":49,"column":1}},"line":4},"1":{"name":"(anonymous_1)","decl":{"start":{"line":9,"column":14},"end":{"line":9,"column":15}},"loc":{"start":{"line":9,"column":20},"end":{"line":46,"column":5}},"line":9},"2":{"name":"(anonymous_2)","decl":{"start":{"line":15,"column":26},"end":{"line":15,"column":27}},"loc":{"start":{"line":15,"column":38},"end":{"line":36,"column":9}},"line":15},"3":{"name":"(anonymous_3)","decl":{"start":{"line":42,"column":15},"end":{"line":42,"column":16}},"loc":{"start":{"line":42,"column":21},"end":{"line":45,"column":9}},"line":42}},"branchMap":{"0":{"loc":{"start":{"line":20,"column":16},"end":{"line":22,"column":17}},"type":"if","locations":[{"start":{"line":20,"column":16},"end":{"line":22,"column":17}},{"start":{},"end":{}}],"line":20},"1":{"loc":{"start":{"line":27,"column":16},"end":{"line":30,"column":17}},"type":"if","locations":[{"start":{"line":27,"column":16},"end":{"line":30,"column":17}},{"start":{},"end":{}}],"line":27},"2":{"loc":{"start":{"line":31,"column":25},"end":{"line":31,"column":56}},"type":"cond-expr","locations":[{"start":{"line":31,"column":39},"end":{"line":31,"column":50}},{"start":{"line":31,"column":53},"end":{"line":31,"column":56}}],"line":31},"3":{"loc":{"start":{"line":38,"column":8},"end":{"line":40,"column":9}},"type":"if","locations":[{"start":{"line":38,"column":8},"end":{"line":40,"column":9}},{"start":{},"end":{}}],"line":38}},"s":{"0":0,"1":0,"2":0,"3":0,"4":0,"5":0,"6":0,"7":0,"8":0,"9":0,"10":0,"11":0,"12":0,"13":0,"14":0,"15":0,"16":0,"17":0,"18":0,"19":0,"20":0,"21":0,"22":0,"23":0},"f":{"0":0,"1":0,"2":0,"3":0},"b":{"0":[0,0],"1":[0,0],"2":[0,0],"3":[0,0]}}
,"/Users/mac/Documents/Vinh/Tech/Repo/Node/test4/frontend/src/pages/App.jsx": {"path":"/Users/mac/Documents/Vinh/Tech/Repo/Node/test4/frontend/src/pages/App.jsx","statementMap":{"0":{"start":{"line":21,"column":4},"end":{"line":55,"column":6}}},"fnMap":{"0":{"name":"App","decl":{"start":{"line":20,"column":9},"end":{"line":20,"column":12}},"loc":{"start":{"line":20,"column":15},"end":{"line":56,"column":1}},"line":20}},"branchMap":{},"s":{"0":0},"f":{"0":0},"b":{}}
,"/Users/mac/Documents/Vinh/Tech/Repo/Node/test4/frontend/src/pages/ItemDetail.jsx": {"path":"/Users/mac/Documents/Vinh/Tech/Repo/Node/test4/frontend/src/pages/ItemDetail.jsx","statementMap":{"0":{"start":{"line":11,"column":16},"end":{"line":11,"column":45}},"1":{"start":{"line":14,"column":19},"end":{"line":14,"column":30}},"2":{"start":{"line":15,"column":21},"end":{"line":15,"column":34}},"3":{"start":{"line":16,"column":29},"end":{"line":16,"column":47}},"4":{"start":{"line":30,"column":39},"end":{"line":30,"column":86}},"5":{"start":{"line":31,"column":17},"end":{"line":31,"column":27}},"6":{"start":{"line":33,"column":4},"end":{"line":33,"column":47}},"7":{"start":{"line":33,"column":28},"end":{"line":33,"column":47}},"8":{"start":{"line":34,"column":4},"end":{"line":34,"column":35}},"9":{"start":{"line":34,"column":15},"end":{"line":34,"column":35}},"10":{"start":{"line":42,"column":4},"end":{"line":59,"column":6}},"11":{"start":{"line":51,"column":56},"end":{"line":51,"column":69}}},"fnMap":{"0":{"name":"ItemDetail","decl":{"start":{"line":13,"column":9},"end":{"line":13,"column":19}},"loc":{"start":{"line":13,"column":22},"end":{"line":60,"column":1}},"line":13},"1":{"name":"(anonymous_1)","decl":{"start":{"line":51,"column":50},"end":{"line":51,"column":51}},"loc":{"start":{"line":51,"column":56},"end":{"line":51,"column":69}},"line":51}},"branchMap":{"0":{"loc":{"start":{"line":31,"column":17},"end":{"line":31,"column":27}},"type":"binary-expr","locations":[{"start":{"line":31,"column":17},"end":{"line":31,"column":21}},{"start":{"line":31,"column":25},"end":{"line":31,"column":27}}],"line":31},"1":{"loc":{"start":{"line":33,"column":4},"end":{"line":33,"column":47}},"type":"if","locations":[{"start":{"line":33,"column":4},"end":{"line":33,"column":47}},{"start":{},"end":{}}],"line":33},"2":{"loc":{"start":{"line":33,"column":8},"end":{"line":33,"column":26}},"type":"binary-expr","locations":[{"start":{"line":33,"column":8},"end":{"line":33,"column":17}},{"start":{"line":33,"column":21},"end":{"line":33,"column":26}}],"line":33},"3":{"loc":{"start":{"line":34,"column":4},"end":{"line":34,"column":35}},"type":"if","locations":[{"start":{"line":34,"column":4},"end":{"line":34,"column":35}},{"start":{},"end":{}}],"line":34}},"s":{"0":0,"1":0,"2":0,"3":0,"4":0,"5":0,"6":0,"7":0,"8":0,"9":0,"10":0,"11":0},"f":{"0":0,"1":0},"b":{"0":[0,0],"1":[0,0],"2":[0,0],"3":[0,0]}}
,"/Users/mac/Documents/Vinh/Tech/Repo/Node/test4/frontend/src/pages/Items.jsx": {"path":"/Users/mac/Documents/Vinh/Tech/Repo/Node/test4/frontend/src/pages/Items.jsx","statementMap":{"0":{"start":{"line":102,"column":46},"end":{"line":107,"column":6}},"1":{"start":{"line":108,"column":54},"end":{"line":108,"column":69}},"2":{"start":{"line":109,"column":40},"end":{"line":109,"column":52}},"3":{"start":{"line":110,"column":40},"end":{"line":110,"column":54}},"4":{"start":{"line":111,"column":30},"end":{"line":114,"column":6}},"5":{"start":{"line":116,"column":25},"end":{"line":153,"column":5}},"6":{"start":{"line":118,"column":31},"end":{"line":122,"column":9}},"7":{"start":{"line":123,"column":28},"end":{"line":123,"column":74}},"8":{"start":{"line":125,"column":8},"end":{"line":126,"column":19}},"9":{"start":{"line":126,"column":12},"end":{"line":126,"column":19}},"10":{"start":{"line":128,"column":8},"end":{"line":128,"column":35}},"11":{"start":{"line":129,"column":26},"end":{"line":150,"column":9}},"12":{"start":{"line":130,"column":12},"end":{"line":149,"column":13}},"13":{"start":{"line":131,"column":33},"end":{"line":131,"column":62}},"14":{"start":{"line":134,"column":16},"end":{"line":139,"column":20}},"15":{"start":{"line":134,"column":46},"end":{"line":139,"column":17}},"16":{"start":{"line":142,"column":16},"end":{"line":145,"column":20}},"17":{"start":{"line":142,"column":46},"end":{"line":145,"column":17}},"18":{"start":{"line":148,"column":16},"end":{"line":148,"column":44}},"19":{"start":{"line":152,"column":8},"end":{"line":152,"column":31}},"20":{"start":{"line":156,"column":4},"end":{"line":167,"column":21}},"21":{"start":{"line":158,"column":8},"end":{"line":158,"column":23}},"22":{"start":{"line":160,"column":31},"end":{"line":164,"column":9}},"23":{"start":{"line":161,"column":26},"end":{"line":161,"column":44}},"24":{"start":{"line":163,"column":12},"end":{"line":163,"column":28}},"25":{"start":{"line":165,"column":8},"end":{"line":165,"column":25}},"26":{"start":{"line":169,"column":25},"end":{"line":181,"column":5}},"27":{"start":{"line":172,"column":8},"end":{"line":178,"column":12}},"28":{"start":{"line":172,"column":38},"end":{"line":178,"column":9}},"29":{"start":{"line":180,"column":8},"end":{"line":180,"column":34}},"30":{"start":{"line":184,"column":4},"end":{"line":240,"column":5}},"31":{"start":{"line":199,"column":37},"end":{"line":199,"column":66}},"32":{"start":{"line":201,"column":39},"end":{"line":201,"column":63}},"33":{"start":{"line":226,"column":28},"end":{"line":235,"column":34}}},"fnMap":{"0":{"name":"Items","decl":{"start":{"line":20,"column":9},"end":{"line":20,"column":14}},"loc":{"start":{"line":20,"column":17},"end":{"line":243,"column":1}},"line":20},"1":{"name":"(anonymous_1)","decl":{"start":{"line":116,"column":25},"end":{"line":116,"column":26}},"loc":{"start":{"line":116,"column":31},"end":{"line":153,"column":5}},"line":116},"2":{"name":"(anonymous_2)","decl":{"start":{"line":129,"column":26},"end":{"line":129,"column":27}},"loc":{"start":{"line":129,"column":49},"end":{"line":150,"column":9}},"line":129},"3":{"name":"(anonymous_3)","decl":{"start":{"line":134,"column":33},"end":{"line":134,"column":34}},"loc":{"start":{"line":134,"column":46},"end":{"line":139,"column":17}},"line":134},"4":{"name":"(anonymous_4)","decl":{"start":{"line":142,"column":33},"end":{"line":142,"column":34}},"loc":{"start":{"line":142,"column":46},"end":{"line":145,"column":17}},"line":142},"5":{"name":"(anonymous_5)","decl":{"start":{"line":156,"column":14},"end":{"line":156,"column":15}},"loc":{"start":{"line":156,"column":20},"end":{"line":167,"column":5}},"line":156},"6":{"name":"(anonymous_6)","decl":{"start":{"line":160,"column":31},"end":{"line":160,"column":32}},"loc":{"start":{"line":160,"column":43},"end":{"line":164,"column":9}},"line":160},"7":{"name":"(anonymous_7)","decl":{"start":{"line":169,"column":25},"end":{"line":169,"column":26}},"loc":{"start":{"line":169,"column":41},"end":{"line":181,"column":5}},"line":169},"8":{"name":"(anonymous_8)","decl":{"start":{"line":172,"column":25},"end":{"line":172,"column":26}},"loc":{"start":{"line":172,"column":38},"end":{"line":178,"column":9}},"line":172},"9":{"name":"(anonymous_9)","decl":{"start":{"line":199,"column":30},"end":{"line":199,"column":31}},"loc":{"start":{"line":199,"column":37},"end":{"line":199,"column":66}},"line":199},"10":{"name":"(anonymous_10)","decl":{"start":{"line":201,"column":33},"end":{"line":201,"column":34}},"loc":{"start":{"line":201,"column":39},"end":{"line":201,"column":63}},"line":201},"11":{"name":"(anonymous_11)","decl":{"start":{"line":225,"column":36},"end":{"line":225,"column":37}},"loc":{"start":{"line":226,"column":28},"end":{"line":235,"column":34}},"line":226}},"branchMap":{"0":{"loc":{"start":{"line":125,"column":8},"end":{"line":126,"column":19}},"type":"if","locations":[{"start":{"line":125,"column":8},"end":{"line":126,"column":19}},{"start":{},"end":{}}],"line":125},"1":{"loc":{"start":{"line":144,"column":27},"end":{"line":144,"column":58}},"type":"cond-expr","locations":[{"start":{"line":144,"column":41},"end":{"line":144,"column":52}},{"start":{"line":144,"column":55},"end":{"line":144,"column":58}}],"line":144},"2":{"loc":{"start":{"line":211,"column":64},"end":{"line":211,"column":80}},"type":"binary-expr","locations":[{"start":{"line":211,"column":64},"end":{"line":211,"column":75}},{"start":{"line":211,"column":79},"end":{"line":211,"column":80}}],"line":211},"3":{"loc":{"start":{"line":214,"column":22},"end":{"line":214,"column":88}},"type":"cond-expr","locations":[{"start":{"line":214,"column":43},"end":{"line":214,"column":84}},{"start":{"line":214,"column":87},"end":{"line":214,"column":88}}],"line":214},"4":{"loc":{"start":{"line":217,"column":13},"end":{"line":237,"column":22}},"type":"cond-expr","locations":[{"start":{"line":217,"column":35},"end":{"line":217,"column":77}},{"start":{"line":219,"column":16},"end":{"line":237,"column":22}}],"line":217},"5":{"loc":{"start":{"line":219,"column":16},"end":{"line":237,"column":22}},"type":"cond-expr","locations":[{"start":{"line":219,"column":51},"end":{"line":219,"column":104}},{"start":{"line":220,"column":20},"end":{"line":237,"column":22}}],"line":219}},"s":{"0":11,"1":10,"2":10,"3":10,"4":10,"5":10,"6":5,"7":5,"8":5,"9":0,"10":5,"11":5,"12":5,"13":5,"14":5,"15":0,"16":0,"17":0,"18":5,"19":5,"20":10,"21":5,"22":5,"23":5,"24":5,"25":5,"26":10,"27":0,"28":0,"29":0,"30":10,"31":0,"32":0,"33":0},"f":{"0":11,"1":5,"2":5,"3":0,"4":0,"5":5,"6":5,"7":0,"8":0,"9":0,"10":0,"11":0},"b":{"0":[0,5],"1":[0,0],"2":[10,10],"3":[0,10],"4":[0,10],"5":[10,0]},"_coverageSchema":"1a1c01bbd47fc00a2c39e90264f33305004495a9","hash":"a3a2e13a9eacaa2ddeb459bcc1da6ca73fb3c03f"}
,"/Users/mac/Documents/Vinh/Tech/Repo/Node/test4/frontend/src/state/DataContext.jsx": {"path":"/Users/mac/Documents/Vinh/Tech/Repo/Node/test4/frontend/src/state/DataContext.jsx","statementMap":{"0":{"start":{"line":3,"column":20},"end":{"line":3,"column":35}},"1":{"start":{"line":6,"column":30},"end":{"line":6,"column":42}},"2":{"start":{"line":9,"column":23},"end":{"line":19,"column":10}},"3":{"start":{"line":10,"column":8},"end":{"line":18,"column":9}},"4":{"start":{"line":11,"column":24},"end":{"line":11,"column":79}},"5":{"start":{"line":12,"column":25},"end":{"line":12,"column":41}},"6":{"start":{"line":14,"column":12},"end":{"line":14,"column":36}},"7":{"start":{"line":16,"column":12},"end":{"line":16,"column":58}},"8":{"start":{"line":17,"column":12},"end":{"line":17,"column":52}},"9":{"start":{"line":22,"column":24},"end":{"line":24,"column":10}},"10":{"start":{"line":23,"column":8},"end":{"line":23,"column":27}},"11":{"start":{"line":26,"column":4},"end":{"line":30,"column":6}},"12":{"start":{"line":33,"column":23},"end":{"line":33,"column":52}},"13":{"start":{"line":33,"column":29},"end":{"line":33,"column":52}}},"fnMap":{"0":{"name":"DataProvider","decl":{"start":{"line":5,"column":16},"end":{"line":5,"column":28}},"loc":{"start":{"line":5,"column":43},"end":{"line":31,"column":1}},"line":5},"1":{"name":"(anonymous_1)","decl":{"start":{"line":9,"column":35},"end":{"line":9,"column":36}},"loc":{"start":{"line":9,"column":47},"end":{"line":19,"column":5}},"line":9},"2":{"name":"(anonymous_2)","decl":{"start":{"line":22,"column":36},"end":{"line":22,"column":37}},"loc":{"start":{"line":22,"column":50},"end":{"line":24,"column":5}},"line":22},"3":{"name":"(anonymous_3)","decl":{"start":{"line":33,"column":23},"end":{"line":33,"column":24}},"loc":{"start":{"line":33,"column":29},"end":{"line":33,"column":52}},"line":33}},"branchMap":{},"s":{"0":1,"1":0,"2":0,"3":0,"4":0,"5":0,"6":0,"7":0,"8":0,"9":0,"10":0,"11":0,"12":1,"13":0},"f":{"0":0,"1":0,"2":0,"3":0},"b":{},"_coverageSchema":"1a1c01bbd47fc00a2c39e90264f33305004495a9","hash":"13a8516d0e6894ea372bceb2d9a399eebf08ac33"}
}
