TN:
SF:src/index.js
FNF:0
FNH:0
DA:7,0
DA:8,0
LF:2
LH:0
BRF:0
BRH:0
end_of_record
TN:
SF:src/apis/items.js
FN:5,(anonymous_0)
FNF:1
FNH:0
FNDA:0,(anonymous_0)
DA:1,1
DA:2,1
DA:5,1
DA:6,0
DA:7,0
DA:8,0
DA:10,0
LF:7
LH:3
BRDA:7,0,0,0
BRDA:7,0,1,0
BRF:2
BRH:0
end_of_record
TN:
SF:src/apis/stats.js
FN:5,(anonymous_0)
FNF:1
FNH:0
FNDA:0,(anonymous_0)
DA:1,1
DA:2,1
DA:5,1
DA:6,0
DA:7,0
DA:8,0
DA:10,0
LF:7
LH:3
BRDA:7,0,0,0
BRDA:7,0,1,0
BRF:2
BRH:0
end_of_record
TN:
SF:src/components/ErrorAlert.jsx
FN:3,ErrorAlert
FNF:1
FNH:0
FNDA:0,ErrorAlert
DA:4,0
LF:1
LH:0
BRF:0
BRH:0
end_of_record
TN:
SF:src/components/ErrorFallback.jsx
FN:4,ErrorFallback
FNF:1
FNH:0
FNDA:0,ErrorFallback
DA:7,0
DA:8,0
DA:10,0
LF:3
LH:0
BRDA:7,0,0,0
BRDA:7,0,1,0
BRDA:7,1,0,0
BRDA:7,1,1,0
BRF:4
BRH:0
end_of_record
TN:
SF:src/components/PaginationWindow.jsx
FN:7,PaginationWindow
FN:33,(anonymous_1)
FN:52,(anonymous_2)
FN:55,(anonymous_3)
FN:58,(anonymous_4)
FN:77,(anonymous_5)
FNF:6
FNH:0
FNDA:0,PaginationWindow
FNDA:0,(anonymous_1)
FNDA:0,(anonymous_2)
FNDA:0,(anonymous_3)
FNDA:0,(anonymous_4)
FNDA:0,(anonymous_5)
DA:28,0
DA:29,0
DA:33,0
DA:37,0
DA:38,0
DA:39,0
DA:43,0
DA:48,0
DA:52,0
DA:55,0
DA:58,0
DA:60,0
DA:61,0
DA:63,0
DA:66,0
DA:70,0
DA:78,0
LF:17
LH:0
BRDA:37,0,0,0
BRDA:37,0,1,0
BRDA:38,1,0,0
BRDA:38,1,1,0
BRDA:48,2,0,0
BRDA:48,2,1,0
BRDA:52,3,0,0
BRDA:52,3,1,0
BRDA:55,4,0,0
BRDA:55,4,1,0
BRDA:60,5,0,0
BRDA:60,5,1,0
BRF:12
BRH:0
end_of_record
TN:
SF:src/components/ScrollTable.jsx
FN:3,ScrollTable
FN:4,(anonymous_1)
FNF:2
FNH:0
FNDA:0,ScrollTable
FNDA:0,(anonymous_1)
DA:4,0
DA:5,0
DA:7,0
LF:3
LH:0
BRF:0
BRH:0
end_of_record
TN:
SF:src/components/Spinner.jsx
FN:3,Spinner
FNF:1
FNH:0
FNDA:0,Spinner
DA:4,0
LF:1
LH:0
BRF:0
BRH:0
end_of_record
TN:
SF:src/components/ui/ArrowGoBackFill.jsx
FN:1,ArrowGoBackFill
FNF:1
FNH:0
FNDA:0,ArrowGoBackFill
DA:2,0
LF:1
LH:0
BRF:0
BRH:0
end_of_record
TN:
SF:src/components/ui/Error.jsx
FN:1,Error
FNF:1
FNH:0
FNDA:0,Error
DA:2,0
LF:1
LH:0
BRF:0
BRH:0
end_of_record
TN:
SF:src/components/ui/RetryFailed.jsx
FN:1,RetryFailed
FNF:1
FNH:0
FNDA:0,RetryFailed
DA:2,0
LF:1
LH:0
BRF:0
BRH:0
end_of_record
TN:
SF:src/hooks/useAbortableFetch.js
FN:4,useAbortableFetch
FN:9,(anonymous_1)
FN:15,(anonymous_2)
FN:42,(anonymous_3)
FNF:4
FNH:0
FNDA:0,useAbortableFetch
FNDA:0,(anonymous_1)
FNDA:0,(anonymous_2)
FNDA:0,(anonymous_3)
DA:5,0
DA:6,0
DA:7,0
DA:9,0
DA:11,0
DA:12,0
DA:14,0
DA:15,0
DA:16,0
DA:17,0
DA:20,0
DA:21,0
DA:23,0
DA:24,0
DA:27,0
DA:29,0
DA:31,0
DA:32,0
DA:34,0
DA:38,0
DA:39,0
DA:42,0
DA:44,0
DA:48,0
LF:24
LH:0
BRDA:20,0,0,0
BRDA:20,0,1,0
BRDA:27,1,0,0
BRDA:27,1,1,0
BRDA:31,2,0,0
BRDA:31,2,1,0
BRDA:38,3,0,0
BRDA:38,3,1,0
BRF:8
BRH:0
end_of_record
TN:
SF:src/pages/App.jsx
FN:20,App
FNF:1
FNH:0
FNDA:0,App
DA:21,0
LF:1
LH:0
BRF:0
BRH:0
end_of_record
TN:
SF:src/pages/ItemDetail.jsx
FN:13,ItemDetail
FN:51,(anonymous_1)
FNF:2
FNH:0
FNDA:0,ItemDetail
FNDA:0,(anonymous_1)
DA:11,0
DA:14,0
DA:15,0
DA:16,0
DA:30,0
DA:31,0
DA:33,0
DA:34,0
DA:42,0
DA:51,0
LF:10
LH:0
BRDA:31,0,0,0
BRDA:31,0,1,0
BRDA:33,1,0,0
BRDA:33,1,1,0
BRDA:33,2,0,0
BRDA:33,2,1,0
BRDA:34,3,0,0
BRDA:34,3,1,0
BRF:8
BRH:0
end_of_record
TN:
SF:src/pages/Items.jsx
FN:20,Items
FN:116,(anonymous_1)
FN:129,(anonymous_2)
FN:134,(anonymous_3)
FN:142,(anonymous_4)
FN:156,(anonymous_5)
FN:160,(anonymous_6)
FN:169,(anonymous_7)
FN:172,(anonymous_8)
FN:199,(anonymous_9)
FN:201,(anonymous_10)
FN:225,(anonymous_11)
FNF:12
FNH:5
FNDA:11,Items
FNDA:5,(anonymous_1)
FNDA:5,(anonymous_2)
FNDA:0,(anonymous_3)
FNDA:0,(anonymous_4)
FNDA:5,(anonymous_5)
FNDA:5,(anonymous_6)
FNDA:0,(anonymous_7)
FNDA:0,(anonymous_8)
FNDA:0,(anonymous_9)
FNDA:0,(anonymous_10)
FNDA:0,(anonymous_11)
DA:102,11
DA:108,10
DA:109,10
DA:110,10
DA:111,10
DA:116,10
DA:118,5
DA:123,5
DA:125,5
DA:126,0
DA:128,5
DA:129,5
DA:130,5
DA:131,5
DA:134,5
DA:142,0
DA:148,5
DA:152,5
DA:156,10
DA:158,5
DA:160,5
DA:161,5
DA:163,5
DA:165,5
DA:169,10
DA:172,0
DA:180,0
DA:184,10
DA:199,0
DA:201,0
DA:226,0
LF:31
LH:24
BRDA:125,0,0,0
BRDA:125,0,1,5
BRDA:144,1,0,0
BRDA:144,1,1,0
BRDA:211,2,0,10
BRDA:211,2,1,10
BRDA:214,3,0,0
BRDA:214,3,1,10
BRDA:217,4,0,0
BRDA:217,4,1,10
BRDA:219,5,0,10
BRDA:219,5,1,0
BRF:12
BRH:6
end_of_record
TN:
SF:src/state/DataContext.jsx
FN:5,DataProvider
FN:9,(anonymous_1)
FN:22,(anonymous_2)
FN:33,(anonymous_3)
FNF:4
FNH:0
FNDA:0,DataProvider
FNDA:0,(anonymous_1)
FNDA:0,(anonymous_2)
FNDA:0,(anonymous_3)
DA:3,1
DA:6,0
DA:9,0
DA:10,0
DA:11,0
DA:12,0
DA:14,0
DA:16,0
DA:17,0
DA:22,0
DA:23,0
DA:26,0
DA:33,1
LF:13
LH:2
BRF:0
BRH:0
end_of_record
