{"/Users/mac/Documents/Vinh/Tech/Repo/Node/test4/backend/src/configs/constants.js": {"path":"/Users/mac/Documents/Vinh/Tech/Repo/Node/test4/backend/src/configs/constants.js","statementMap":{"0":{"start":{"line":4,"column":19},"end":{"line":4,"column":49}},"1":{"start":{"line":5,"column":18},"end":{"line":5,"column":37}},"2":{"start":{"line":6,"column":12},"end":{"line":6,"column":49}},"3":{"start":{"line":9,"column":18},"end":{"line":15,"column":2}}},"fnMap":{},"branchMap":{"0":{"loc":{"start":{"line":6,"column":12},"end":{"line":6,"column":49}},"type":"binary-expr","locations":[{"start":{"line":6,"column":12},"end":{"line":6,"column":32}},{"start":{"line":6,"column":36},"end":{"line":6,"column":49}}],"line":6}},"s":{"0":2,"1":2,"2":2,"3":2},"f":{},"b":{"0":[2,0]},"inputSourceMap":null,"_coverageSchema":"1a1c01bbd47fc00a2c39e90264f33305004495a9","hash":"1ed36e7860d4b33d35c4f5a5894ac984182dd9b0"}
,"/Users/mac/Documents/Vinh/Tech/Repo/Node/test4/backend/src/controllers/items.js": {"path":"/Users/mac/Documents/Vinh/Tech/Repo/Node/test4/backend/src/controllers/items.js","statementMap":{"0":{"start":{"line":9,"column":2},"end":{"line":18,"column":3}},"1":{"start":{"line":10,"column":16},"end":{"line":10,"column":54}},"2":{"start":{"line":12,"column":30},"end":{"line":12,"column":39}},"3":{"start":{"line":13,"column":25},"end":{"line":13,"column":59}},"4":{"start":{"line":14,"column":3},"end":{"line":14,"column":27}},"5":{"start":{"line":17,"column":3},"end":{"line":17,"column":13}},"6":{"start":{"line":22,"column":2},"end":{"line":38,"column":3}},"7":{"start":{"line":23,"column":16},"end":{"line":23,"column":54}},"8":{"start":{"line":26,"column":18},"end":{"line":26,"column":28}},"9":{"start":{"line":28,"column":18},"end":{"line":28,"column":60}},"10":{"start":{"line":29,"column":16},"end":{"line":29,"column":47}},"11":{"start":{"line":29,"column":31},"end":{"line":29,"column":46}},"12":{"start":{"line":31,"column":3},"end":{"line":33,"column":4}},"13":{"start":{"line":32,"column":4},"end":{"line":32,"column":46}},"14":{"start":{"line":34,"column":3},"end":{"line":34,"column":18}},"15":{"start":{"line":37,"column":3},"end":{"line":37,"column":13}},"16":{"start":{"line":42,"column":2},"end":{"line":64,"column":3}},"17":{"start":{"line":44,"column":16},"end":{"line":44,"column":24}},"18":{"start":{"line":46,"column":16},"end":{"line":46,"column":24}},"19":{"start":{"line":49,"column":3},"end":{"line":49,"column":24}},"20":{"start":{"line":52,"column":3},"end":{"line":56,"column":4}},"21":{"start":{"line":53,"column":4},"end":{"line":53,"column":20}},"22":{"start":{"line":55,"column":4},"end":{"line":55,"column":18}},"23":{"start":{"line":57,"column":22},"end":{"line":57,"column":51}},"24":{"start":{"line":58,"column":3},"end":{"line":58,"column":57}},"25":{"start":{"line":60,"column":3},"end":{"line":60,"column":30}},"26":{"start":{"line":63,"column":3},"end":{"line":63,"column":13}}},"fnMap":{"0":{"name":"(anonymous_0)","decl":{"start":{"line":8,"column":1},"end":{"line":8,"column":2}},"loc":{"start":{"line":8,"column":33},"end":{"line":19,"column":2}},"line":8},"1":{"name":"(anonymous_1)","decl":{"start":{"line":21,"column":1},"end":{"line":21,"column":2}},"loc":{"start":{"line":21,"column":35},"end":{"line":39,"column":2}},"line":21},"2":{"name":"(anonymous_2)","decl":{"start":{"line":29,"column":26},"end":{"line":29,"column":27}},"loc":{"start":{"line":29,"column":31},"end":{"line":29,"column":46}},"line":29},"3":{"name":"(anonymous_3)","decl":{"start":{"line":41,"column":1},"end":{"line":41,"column":2}},"loc":{"start":{"line":41,"column":34},"end":{"line":65,"column":2}},"line":41}},"branchMap":{"0":{"loc":{"start":{"line":28,"column":18},"end":{"line":28,"column":60}},"type":"cond-expr","locations":[{"start":{"line":28,"column":43},"end":{"line":28,"column":55}},{"start":{"line":28,"column":58},"end":{"line":28,"column":60}}],"line":28},"1":{"loc":{"start":{"line":31,"column":3},"end":{"line":33,"column":4}},"type":"if","locations":[{"start":{"line":31,"column":3},"end":{"line":33,"column":4}},{"start":{},"end":{}}],"line":31},"2":{"loc":{"start":{"line":52,"column":3},"end":{"line":56,"column":4}},"type":"if","locations":[{"start":{"line":52,"column":3},"end":{"line":56,"column":4}},{"start":{"line":54,"column":10},"end":{"line":56,"column":4}}],"line":52},"3":{"loc":{"start":{"line":52,"column":7},"end":{"line":52,"column":30}},"type":"binary-expr","locations":[{"start":{"line":52,"column":7},"end":{"line":52,"column":11}},{"start":{"line":52,"column":15},"end":{"line":52,"column":30}}],"line":52}},"s":{"0":3,"1":3,"2":3,"3":3,"4":3,"5":0,"6":3,"7":3,"8":3,"9":3,"10":3,"11":5,"12":3,"13":1,"14":2,"15":1,"16":5,"17":5,"18":5,"19":5,"20":5,"21":3,"22":2,"23":2,"24":1,"25":1,"26":4},"f":{"0":3,"1":3,"2":5,"3":5},"b":{"0":[1,2],"1":[1,2],"2":[3,2],"3":[5,3]},"inputSourceMap":null,"_coverageSchema":"1a1c01bbd47fc00a2c39e90264f33305004495a9","hash":"6898ccfd3ceab12b4ac78ffd0896e32daa653de0"}
,"/Users/mac/Documents/Vinh/Tech/Repo/Node/test4/backend/src/middleware/errorHandler.js": {"path":"/Users/mac/Documents/Vinh/Tech/Repo/Node/test4/backend/src/middleware/errorHandler.js","statementMap":{"0":{"start":{"line":6,"column":17},"end":{"line":10,"column":1}},"1":{"start":{"line":7,"column":16},"end":{"line":7,"column":44}},"2":{"start":{"line":8,"column":4},"end":{"line":8,"column":25}},"3":{"start":{"line":9,"column":4},"end":{"line":9,"column":14}},"4":{"start":{"line":14,"column":21},"end":{"line":50,"column":1}},"5":{"start":{"line":17,"column":4},"end":{"line":49,"column":5}},"6":{"start":{"line":19,"column":8},"end":{"line":22,"column":9}},"7":{"start":{"line":20,"column":12},"end":{"line":20,"column":70}},"8":{"start":{"line":21,"column":12},"end":{"line":21,"column":19}},"9":{"start":{"line":23,"column":30},"end":{"line":35,"column":9}},"10":{"start":{"line":24,"column":12},"end":{"line":34,"column":13}},"11":{"start":{"line":27,"column":32},"end":{"line":27,"column":78}},"12":{"start":{"line":28,"column":16},"end":{"line":28,"column":31}},"13":{"start":{"line":32,"column":16},"end":{"line":32,"column":52}},"14":{"start":{"line":33,"column":16},"end":{"line":33,"column":28}},"15":{"start":{"line":37,"column":28},"end":{"line":37,"column":48}},"16":{"start":{"line":39,"column":8},"end":{"line":44,"column":9}},"17":{"start":{"line":40,"column":12},"end":{"line":40,"column":33}},"18":{"start":{"line":43,"column":12},"end":{"line":43,"column":64}},"19":{"start":{"line":48,"column":8},"end":{"line":48,"column":84}},"20":{"start":{"line":52,"column":18},"end":{"line":62,"column":1}},"21":{"start":{"line":54,"column":4},"end":{"line":61,"column":5}},"22":{"start":{"line":55,"column":21},"end":{"line":55,"column":113}},"23":{"start":{"line":58,"column":8},"end":{"line":58,"column":25}},"24":{"start":{"line":60,"column":8},"end":{"line":60,"column":42}},"25":{"start":{"line":66,"column":27},"end":{"line":107,"column":1}},"26":{"start":{"line":68,"column":21},"end":{"line":68,"column":49}},"27":{"start":{"line":70,"column":26},"end":{"line":73,"column":5}},"28":{"start":{"line":75,"column":4},"end":{"line":96,"column":5}},"29":{"start":{"line":78,"column":12},"end":{"line":78,"column":47}},"30":{"start":{"line":79,"column":12},"end":{"line":79,"column":18}},"31":{"start":{"line":83,"column":33},"end":{"line":83,"column":52}},"32":{"start":{"line":84,"column":27},"end":{"line":84,"column":47}},"33":{"start":{"line":85,"column":12},"end":{"line":85,"column":54}},"34":{"start":{"line":86,"column":12},"end":{"line":86,"column":43}},"35":{"start":{"line":87,"column":12},"end":{"line":87,"column":60}},"36":{"start":{"line":88,"column":12},"end":{"line":88,"column":29}},"37":{"start":{"line":90,"column":12},"end":{"line":90,"column":18}},"38":{"start":{"line":95,"column":12},"end":{"line":95,"column":18}},"39":{"start":{"line":100,"column":4},"end":{"line":104,"column":29}},"40":{"start":{"line":106,"column":4},"end":{"line":106,"column":47}}},"fnMap":{"0":{"name":"(anonymous_0)","decl":{"start":{"line":6,"column":17},"end":{"line":6,"column":18}},"loc":{"start":{"line":6,"column":37},"end":{"line":10,"column":1}},"line":6},"1":{"name":"(anonymous_1)","decl":{"start":{"line":14,"column":21},"end":{"line":14,"column":22}},"loc":{"start":{"line":14,"column":32},"end":{"line":50,"column":1}},"line":14},"2":{"name":"(anonymous_2)","decl":{"start":{"line":23,"column":30},"end":{"line":23,"column":31}},"loc":{"start":{"line":23,"column":43},"end":{"line":35,"column":9}},"line":23},"3":{"name":"(anonymous_3)","decl":{"start":{"line":52,"column":18},"end":{"line":52,"column":19}},"loc":{"start":{"line":52,"column":44},"end":{"line":62,"column":1}},"line":52},"4":{"name":"(anonymous_4)","decl":{"start":{"line":66,"column":27},"end":{"line":66,"column":28}},"loc":{"start":{"line":66,"column":52},"end":{"line":107,"column":1}},"line":66}},"branchMap":{"0":{"loc":{"start":{"line":19,"column":8},"end":{"line":22,"column":9}},"type":"if","locations":[{"start":{"line":19,"column":8},"end":{"line":22,"column":9}},{"start":{},"end":{}}],"line":19},"1":{"loc":{"start":{"line":19,"column":12},"end":{"line":19,"column":47}},"type":"binary-expr","locations":[{"start":{"line":19,"column":12},"end":{"line":19,"column":18}},{"start":{"line":19,"column":22},"end":{"line":19,"column":47}}],"line":19},"2":{"loc":{"start":{"line":39,"column":8},"end":{"line":44,"column":9}},"type":"if","locations":[{"start":{"line":39,"column":8},"end":{"line":44,"column":9}},{"start":{"line":42,"column":13},"end":{"line":44,"column":9}}],"line":39},"3":{"loc":{"start":{"line":68,"column":21},"end":{"line":68,"column":49}},"type":"binary-expr","locations":[{"start":{"line":68,"column":21},"end":{"line":68,"column":24}},{"start":{"line":68,"column":28},"end":{"line":68,"column":42}},{"start":{"line":68,"column":46},"end":{"line":68,"column":49}}],"line":68},"4":{"loc":{"start":{"line":72,"column":17},"end":{"line":72,"column":62}},"type":"binary-expr","locations":[{"start":{"line":72,"column":17},"end":{"line":72,"column":20}},{"start":{"line":72,"column":24},"end":{"line":72,"column":35}},{"start":{"line":72,"column":39},"end":{"line":72,"column":62}}],"line":72},"5":{"loc":{"start":{"line":75,"column":4},"end":{"line":96,"column":5}},"type":"switch","locations":[{"start":{"line":77,"column":8},"end":{"line":79,"column":18}},{"start":{"line":82,"column":8},"end":{"line":90,"column":18}},{"start":{"line":93,"column":8},"end":{"line":95,"column":18}}],"line":75}},"s":{"0":1,"1":2,"2":2,"3":2,"4":1,"5":0,"6":0,"7":0,"8":0,"9":0,"10":0,"11":0,"12":0,"13":0,"14":0,"15":0,"16":0,"17":0,"18":0,"19":0,"20":1,"21":0,"22":0,"23":0,"24":0,"25":1,"26":8,"27":8,"28":8,"29":1,"30":1,"31":2,"32":2,"33":2,"34":2,"35":2,"36":2,"37":2,"38":5,"39":8,"40":8},"f":{"0":2,"1":0,"2":0,"3":0,"4":8},"b":{"0":[0,0],"1":[0,0],"2":[0,0],"3":[8,7,6],"4":[8,7,2],"5":[1,2,5]},"inputSourceMap":null,"_coverageSchema":"1a1c01bbd47fc00a2c39e90264f33305004495a9","hash":"2b6d015e99cdc5d7dd8cbd3efc64911885126436"}
,"/Users/mac/Documents/Vinh/Tech/Repo/Node/test4/backend/src/middleware/requestValidator.js": {"path":"/Users/mac/Documents/Vinh/Tech/Repo/Node/test4/backend/src/middleware/requestValidator.js","statementMap":{"0":{"start":{"line":4,"column":24},"end":{"line":26,"column":1}},"1":{"start":{"line":6,"column":4},"end":{"line":8,"column":5}},"2":{"start":{"line":7,"column":8},"end":{"line":7,"column":42}},"3":{"start":{"line":10,"column":4},"end":{"line":25,"column":5}},"4":{"start":{"line":11,"column":8},"end":{"line":24,"column":9}},"5":{"start":{"line":13,"column":12},"end":{"line":15,"column":13}},"6":{"start":{"line":14,"column":16},"end":{"line":14,"column":57}},"7":{"start":{"line":19,"column":12},"end":{"line":19,"column":56}},"8":{"start":{"line":21,"column":12},"end":{"line":21,"column":19}},"9":{"start":{"line":23,"column":12},"end":{"line":23,"column":22}}},"fnMap":{"0":{"name":"(anonymous_0)","decl":{"start":{"line":4,"column":24},"end":{"line":4,"column":25}},"loc":{"start":{"line":4,"column":43},"end":{"line":26,"column":1}},"line":4},"1":{"name":"(anonymous_1)","decl":{"start":{"line":10,"column":11},"end":{"line":10,"column":12}},"loc":{"start":{"line":10,"column":31},"end":{"line":25,"column":5}},"line":10}},"branchMap":{"0":{"loc":{"start":{"line":6,"column":4},"end":{"line":8,"column":5}},"type":"if","locations":[{"start":{"line":6,"column":4},"end":{"line":8,"column":5}},{"start":{},"end":{}}],"line":6},"1":{"loc":{"start":{"line":6,"column":8},"end":{"line":6,"column":80}},"type":"binary-expr","locations":[{"start":{"line":6,"column":8},"end":{"line":6,"column":15}},{"start":{"line":6,"column":19},"end":{"line":6,"column":45}},{"start":{"line":6,"column":49},"end":{"line":6,"column":80}}],"line":6},"2":{"loc":{"start":{"line":13,"column":12},"end":{"line":15,"column":13}},"type":"if","locations":[{"start":{"line":13,"column":12},"end":{"line":15,"column":13}},{"start":{},"end":{}}],"line":13},"3":{"loc":{"start":{"line":19,"column":38},"end":{"line":19,"column":54}},"type":"binary-expr","locations":[{"start":{"line":19,"column":38},"end":{"line":19,"column":48}},{"start":{"line":19,"column":52},"end":{"line":19,"column":54}}],"line":19}},"s":{"0":1,"1":15,"2":3,"3":12,"4":11,"5":11,"6":1,"7":10,"8":7,"9":4},"f":{"0":15,"1":11},"b":{"0":[3,12],"1":[15,14,13],"2":[1,10],"3":[10,0]},"inputSourceMap":null,"_coverageSchema":"1a1c01bbd47fc00a2c39e90264f33305004495a9","hash":"6ea4549e40c87e3feb6a8695ec4116cdf748b415"}
,"/Users/mac/Documents/Vinh/Tech/Repo/Node/test4/backend/src/utils/cache.js": {"path":"/Users/mac/Documents/Vinh/Tech/Repo/Node/test4/backend/src/utils/cache.js","statementMap":{"0":{"start":{"line":2,"column":27},"end":{"line":2,"column":36}},"1":{"start":{"line":4,"column":24},"end":{"line":6,"column":1}},"2":{"start":{"line":5,"column":4},"end":{"line":5,"column":32}},"3":{"start":{"line":8,"column":24},"end":{"line":10,"column":1}},"4":{"start":{"line":9,"column":4},"end":{"line":9,"column":32}}},"fnMap":{"0":{"name":"(anonymous_0)","decl":{"start":{"line":4,"column":24},"end":{"line":4,"column":25}},"loc":{"start":{"line":4,"column":40},"end":{"line":6,"column":1}},"line":4},"1":{"name":"(anonymous_1)","decl":{"start":{"line":8,"column":24},"end":{"line":8,"column":25}},"loc":{"start":{"line":8,"column":33},"end":{"line":10,"column":1}},"line":8}},"branchMap":{},"s":{"0":1,"1":1,"2":0,"3":1,"4":0},"f":{"0":0,"1":0},"b":{},"inputSourceMap":null,"_coverageSchema":"1a1c01bbd47fc00a2c39e90264f33305004495a9","hash":"16a96023a72df09624f5e4827a3b6323b17b9881"}
,"/Users/mac/Documents/Vinh/Tech/Repo/Node/test4/backend/src/utils/customErrors.js": {"path":"/Users/mac/Documents/Vinh/Tech/Repo/Node/test4/backend/src/utils/customErrors.js","statementMap":{"0":{"start":{"line":2,"column":23},"end":{"line":8,"column":14}},"1":{"start":{"line":2,"column":40},"end":{"line":8,"column":13}},"2":{"start":{"line":13,"column":8},"end":{"line":13,"column":23}},"3":{"start":{"line":14,"column":8},"end":{"line":14,"column":37}}},"fnMap":{"0":{"name":"(anonymous_0)","decl":{"start":{"line":2,"column":23},"end":{"line":2,"column":24}},"loc":{"start":{"line":2,"column":40},"end":{"line":8,"column":13}},"line":2},"1":{"name":"(anonymous_1)","decl":{"start":{"line":12,"column":4},"end":{"line":12,"column":5}},"loc":{"start":{"line":12,"column":37},"end":{"line":15,"column":5}},"line":12}},"branchMap":{},"s":{"0":3,"1":0,"2":3,"3":3},"f":{"0":0,"1":3},"b":{},"inputSourceMap":null,"_coverageSchema":"1a1c01bbd47fc00a2c39e90264f33305004495a9","hash":"2326db9f552a06f3d91081ca93e37c3f3999abaf"}
,"/Users/mac/Documents/Vinh/Tech/Repo/Node/test4/backend/src/utils/fileProcessor.js": {"path":"/Users/mac/Documents/Vinh/Tech/Repo/Node/test4/backend/src/utils/fileProcessor.js","statementMap":{"0":{"start":{"line":7,"column":23},"end":{"line":24,"column":1}},"1":{"start":{"line":9,"column":4},"end":{"line":23,"column":5}},"2":{"start":{"line":10,"column":21},"end":{"line":10,"column":41}},"3":{"start":{"line":11,"column":27},"end":{"line":11,"column":43}},"4":{"start":{"line":14,"column":8},"end":{"line":18,"column":9}},"5":{"start":{"line":15,"column":12},"end":{"line":15,"column":30}},"6":{"start":{"line":17,"column":12},"end":{"line":17,"column":51}},"7":{"start":{"line":21,"column":8},"end":{"line":21,"column":48}},"8":{"start":{"line":22,"column":8},"end":{"line":22,"column":18}},"9":{"start":{"line":26,"column":18},"end":{"line":58,"column":1}},"10":{"start":{"line":27,"column":20},"end":{"line":34,"column":6}},"11":{"start":{"line":36,"column":4},"end":{"line":49,"column":7}},"12":{"start":{"line":37,"column":8},"end":{"line":37,"column":67}},"13":{"start":{"line":39,"column":8},"end":{"line":48,"column":9}},"14":{"start":{"line":40,"column":26},"end":{"line":40,"column":52}},"15":{"start":{"line":43,"column":12},"end":{"line":43,"column":34}},"16":{"start":{"line":44,"column":12},"end":{"line":44,"column":47}},"17":{"start":{"line":47,"column":12},"end":{"line":47,"column":70}},"18":{"start":{"line":51,"column":4},"end":{"line":53,"column":7}},"19":{"start":{"line":52,"column":8},"end":{"line":52,"column":45}},"20":{"start":{"line":55,"column":4},"end":{"line":55,"column":63}},"21":{"start":{"line":57,"column":4},"end":{"line":57,"column":19}}},"fnMap":{"0":{"name":"(anonymous_0)","decl":{"start":{"line":7,"column":23},"end":{"line":7,"column":24}},"loc":{"start":{"line":7,"column":39},"end":{"line":24,"column":1}},"line":7},"1":{"name":"(anonymous_1)","decl":{"start":{"line":26,"column":18},"end":{"line":26,"column":19}},"loc":{"start":{"line":26,"column":28},"end":{"line":58,"column":1}},"line":26},"2":{"name":"(anonymous_2)","decl":{"start":{"line":36,"column":25},"end":{"line":36,"column":26}},"loc":{"start":{"line":36,"column":41},"end":{"line":49,"column":5}},"line":36},"3":{"name":"(anonymous_3)","decl":{"start":{"line":51,"column":24},"end":{"line":51,"column":25}},"loc":{"start":{"line":51,"column":35},"end":{"line":53,"column":5}},"line":51}},"branchMap":{"0":{"loc":{"start":{"line":14,"column":8},"end":{"line":18,"column":9}},"type":"if","locations":[{"start":{"line":14,"column":8},"end":{"line":18,"column":9}},{"start":{"line":16,"column":15},"end":{"line":18,"column":9}}],"line":14}},"s":{"0":1,"1":6,"2":6,"3":6,"4":6,"5":6,"6":0,"7":0,"8":0,"9":1,"10":0,"11":0,"12":0,"13":0,"14":0,"15":0,"16":0,"17":0,"18":0,"19":0,"20":0,"21":0},"f":{"0":6,"1":0,"2":0,"3":0},"b":{"0":[6,0]},"inputSourceMap":null,"_coverageSchema":"1a1c01bbd47fc00a2c39e90264f33305004495a9","hash":"c807d4632e2bf79f638cc19b6c132352a41d4cb3"}
,"/Users/mac/Documents/Vinh/Tech/Repo/Node/test4/backend/src/utils/logger.js": {"path":"/Users/mac/Documents/Vinh/Tech/Repo/Node/test4/backend/src/utils/logger.js","statementMap":{"0":{"start":{"line":4,"column":18},"end":{"line":16,"column":2}},"1":{"start":{"line":18,"column":15},"end":{"line":28,"column":13}}},"fnMap":{},"branchMap":{"0":{"loc":{"start":{"line":19,"column":11},"end":{"line":19,"column":47}},"type":"binary-expr","locations":[{"start":{"line":19,"column":11},"end":{"line":19,"column":37}},{"start":{"line":19,"column":41},"end":{"line":19,"column":47}}],"line":19},"1":{"loc":{"start":{"line":20,"column":13},"end":{"line":20,"column":59}},"type":"cond-expr","locations":[{"start":{"line":20,"column":47},"end":{"line":20,"column":52}},{"start":{"line":20,"column":55},"end":{"line":20,"column":59}}],"line":20}},"s":{"0":2,"1":2},"f":{},"b":{"0":[2,2],"1":[2,0]},"inputSourceMap":null,"_coverageSchema":"1a1c01bbd47fc00a2c39e90264f33305004495a9","hash":"08b6d7377ac163bd0002437cfed16ffd45e14d8c"}
,"/Users/mac/Documents/Vinh/Tech/Repo/Node/test4/backend/src/utils/paginator.js": {"path":"/Users/mac/Documents/Vinh/Tech/Repo/Node/test4/backend/src/utils/paginator.js","statementMap":{"0":{"start":{"line":2,"column":27},"end":{"line":2,"column":36}},"1":{"start":{"line":4,"column":21},"end":{"line":45,"column":1}},"2":{"start":{"line":6,"column":4},"end":{"line":8,"column":5}},"3":{"start":{"line":7,"column":8},"end":{"line":7,"column":49}},"4":{"start":{"line":9,"column":4},"end":{"line":9,"column":43}},"5":{"start":{"line":9,"column":20},"end":{"line":9,"column":43}},"6":{"start":{"line":10,"column":4},"end":{"line":10,"column":28}},"7":{"start":{"line":10,"column":19},"end":{"line":10,"column":28}},"8":{"start":{"line":12,"column":22},"end":{"line":12,"column":26}},"9":{"start":{"line":13,"column":4},"end":{"line":22,"column":5}},"10":{"start":{"line":16,"column":8},"end":{"line":21,"column":15}},"11":{"start":{"line":18,"column":35},"end":{"line":18,"column":58}},"12":{"start":{"line":19,"column":34},"end":{"line":19,"column":56}},"13":{"start":{"line":20,"column":16},"end":{"line":20,"column":54}},"14":{"start":{"line":25,"column":25},"end":{"line":25,"column":43}},"15":{"start":{"line":26,"column":23},"end":{"line":26,"column":54}},"16":{"start":{"line":27,"column":24},"end":{"line":27,"column":53}},"17":{"start":{"line":28,"column":24},"end":{"line":28,"column":48}},"18":{"start":{"line":29,"column":28},"end":{"line":29,"column":43}},"19":{"start":{"line":31,"column":4},"end":{"line":33,"column":5}},"20":{"start":{"line":32,"column":8},"end":{"line":32,"column":88}},"21":{"start":{"line":35,"column":4},"end":{"line":44,"column":5}}},"fnMap":{"0":{"name":"(anonymous_0)","decl":{"start":{"line":4,"column":21},"end":{"line":4,"column":22}},"loc":{"start":{"line":4,"column":73},"end":{"line":45,"column":1}},"line":4},"1":{"name":"(anonymous_1)","decl":{"start":{"line":17,"column":12},"end":{"line":17,"column":13}},"loc":{"start":{"line":17,"column":20},"end":{"line":21,"column":13}},"line":17}},"branchMap":{"0":{"loc":{"start":{"line":4,"column":22},"end":{"line":4,"column":31}},"type":"default-arg","locations":[{"start":{"line":4,"column":29},"end":{"line":4,"column":31}}],"line":4},"1":{"loc":{"start":{"line":4,"column":33},"end":{"line":4,"column":55}},"type":"default-arg","locations":[{"start":{"line":4,"column":41},"end":{"line":4,"column":55}}],"line":4},"2":{"loc":{"start":{"line":4,"column":57},"end":{"line":4,"column":65}},"type":"default-arg","locations":[{"start":{"line":4,"column":64},"end":{"line":4,"column":65}}],"line":4},"3":{"loc":{"start":{"line":6,"column":4},"end":{"line":8,"column":5}},"type":"if","locations":[{"start":{"line":6,"column":4},"end":{"line":8,"column":5}},{"start":{},"end":{}}],"line":6},"4":{"loc":{"start":{"line":9,"column":4},"end":{"line":9,"column":43}},"type":"if","locations":[{"start":{"line":9,"column":4},"end":{"line":9,"column":43}},{"start":{},"end":{}}],"line":9},"5":{"loc":{"start":{"line":10,"column":4},"end":{"line":10,"column":28}},"type":"if","locations":[{"start":{"line":10,"column":4},"end":{"line":10,"column":28}},{"start":{},"end":{}}],"line":10},"6":{"loc":{"start":{"line":13,"column":4},"end":{"line":22,"column":5}},"type":"if","locations":[{"start":{"line":13,"column":4},"end":{"line":22,"column":5}},{"start":{},"end":{}}],"line":13},"7":{"loc":{"start":{"line":27,"column":24},"end":{"line":27,"column":53}},"type":"cond-expr","locations":[{"start":{"line":27,"column":45},"end":{"line":27,"column":49}},{"start":{"line":27,"column":52},"end":{"line":27,"column":53}}],"line":27},"8":{"loc":{"start":{"line":31,"column":4},"end":{"line":33,"column":5}},"type":"if","locations":[{"start":{"line":31,"column":4},"end":{"line":33,"column":5}},{"start":{},"end":{}}],"line":31}},"s":{"0":1,"1":1,"2":3,"3":0,"4":3,"5":0,"6":3,"7":0,"8":3,"9":3,"10":2,"11":6,"12":6,"13":6,"14":3,"15":3,"16":3,"17":3,"18":3,"19":3,"20":1,"21":3},"f":{"0":3,"1":6},"b":{"0":[0],"1":[1],"2":[1],"3":[0,3],"4":[0,3],"5":[0,3],"6":[2,1],"7":[2,1],"8":[1,2]},"inputSourceMap":null,"_coverageSchema":"1a1c01bbd47fc00a2c39e90264f33305004495a9","hash":"5aab64eb0f8762e755d6f710585bf5f05201e800"}
,"/Users/mac/Documents/Vinh/Tech/Repo/Node/test4/backend/src/utils/stats.js": {"path":"/Users/mac/Documents/Vinh/Tech/Repo/Node/test4/backend/src/utils/stats.js","statementMap":{"0":{"start":{"line":5,"column":4},"end":{"line":7,"column":5}},"1":{"start":{"line":6,"column":8},"end":{"line":6,"column":17}},"2":{"start":{"line":9,"column":17},"end":{"line":9,"column":73}},"3":{"start":{"line":9,"column":42},"end":{"line":9,"column":56}},"4":{"start":{"line":12,"column":4},"end":{"line":12,"column":27}},"5":{"start":{"line":16,"column":23},"end":{"line":38,"column":1}},"6":{"start":{"line":18,"column":4},"end":{"line":23,"column":5}},"7":{"start":{"line":19,"column":8},"end":{"line":22,"column":10}},"8":{"start":{"line":25,"column":24},"end":{"line":25,"column":49}},"9":{"start":{"line":26,"column":4},"end":{"line":29,"column":5}},"10":{"start":{"line":28,"column":8},"end":{"line":28,"column":47}},"11":{"start":{"line":31,"column":18},"end":{"line":34,"column":5}},"12":{"start":{"line":35,"column":4},"end":{"line":35,"column":37}},"13":{"start":{"line":37,"column":4},"end":{"line":37,"column":17}}},"fnMap":{"0":{"name":"meanByKey","decl":{"start":{"line":4,"column":9},"end":{"line":4,"column":18}},"loc":{"start":{"line":4,"column":29},"end":{"line":13,"column":1}},"line":4},"1":{"name":"(anonymous_1)","decl":{"start":{"line":9,"column":28},"end":{"line":9,"column":29}},"loc":{"start":{"line":9,"column":42},"end":{"line":9,"column":56}},"line":9},"2":{"name":"(anonymous_2)","decl":{"start":{"line":16,"column":23},"end":{"line":16,"column":24}},"loc":{"start":{"line":16,"column":54},"end":{"line":38,"column":1}},"line":16}},"branchMap":{"0":{"loc":{"start":{"line":5,"column":4},"end":{"line":7,"column":5}},"type":"if","locations":[{"start":{"line":5,"column":4},"end":{"line":7,"column":5}},{"start":{},"end":{}}],"line":5},"1":{"loc":{"start":{"line":5,"column":8},"end":{"line":5,"column":47}},"type":"binary-expr","locations":[{"start":{"line":5,"column":8},"end":{"line":5,"column":27}},{"start":{"line":5,"column":31},"end":{"line":5,"column":47}}],"line":5},"2":{"loc":{"start":{"line":16,"column":31},"end":{"line":16,"column":49}},"type":"default-arg","locations":[{"start":{"line":16,"column":42},"end":{"line":16,"column":49}}],"line":16},"3":{"loc":{"start":{"line":18,"column":4},"end":{"line":23,"column":5}},"type":"if","locations":[{"start":{"line":18,"column":4},"end":{"line":23,"column":5}},{"start":{},"end":{}}],"line":18},"4":{"loc":{"start":{"line":18,"column":8},"end":{"line":18,"column":51}},"type":"binary-expr","locations":[{"start":{"line":18,"column":8},"end":{"line":18,"column":29}},{"start":{"line":18,"column":33},"end":{"line":18,"column":51}}],"line":18},"5":{"loc":{"start":{"line":26,"column":4},"end":{"line":29,"column":5}},"type":"if","locations":[{"start":{"line":26,"column":4},"end":{"line":29,"column":5}},{"start":{},"end":{}}],"line":26}},"s":{"0":0,"1":0,"2":0,"3":0,"4":0,"5":1,"6":0,"7":0,"8":0,"9":0,"10":0,"11":0,"12":0,"13":0},"f":{"0":0,"1":0,"2":0},"b":{"0":[0,0],"1":[0,0],"2":[0],"3":[0,0],"4":[0,0],"5":[0,0]},"inputSourceMap":null,"_coverageSchema":"1a1c01bbd47fc00a2c39e90264f33305004495a9","hash":"101319932dea18b957e3ccca4f117cf4a51f4442"}
}
