TN:
SF:src/configs/constants.js
FNF:0
FNH:0
DA:4,2
DA:5,2
DA:6,2
DA:9,2
LF:4
LH:4
BRDA:6,0,0,2
BRDA:6,0,1,0
BRF:2
BRH:1
end_of_record
TN:
SF:src/controllers/items.js
FN:8,(anonymous_0)
FN:21,(anonymous_1)
FN:29,(anonymous_2)
FN:41,(anonymous_3)
FNF:4
FNH:4
FNDA:3,(anonymous_0)
FNDA:3,(anonymous_1)
FNDA:5,(anonymous_2)
FNDA:5,(anonymous_3)
DA:9,3
DA:10,3
DA:12,3
DA:13,3
DA:14,3
DA:17,0
DA:22,3
DA:23,3
DA:26,3
DA:28,3
DA:29,5
DA:31,3
DA:32,1
DA:34,2
DA:37,1
DA:42,5
DA:44,5
DA:46,5
DA:49,5
DA:52,5
DA:53,3
DA:55,2
DA:57,2
DA:58,1
DA:60,1
DA:63,4
LF:26
LH:25
BRDA:28,0,0,1
BRDA:28,0,1,2
BRDA:31,1,0,1
BRDA:31,1,1,2
BRDA:52,2,0,3
BRDA:52,2,1,2
BRDA:52,3,0,5
BRDA:52,3,1,3
BRF:8
BRH:8
end_of_record
TN:
SF:src/middleware/errorHandler.js
FN:6,(anonymous_0)
FN:14,(anonymous_1)
FN:23,(anonymous_2)
FN:52,(anonymous_3)
FN:66,(anonymous_4)
FNF:5
FNH:2
FNDA:2,(anonymous_0)
FNDA:0,(anonymous_1)
FNDA:0,(anonymous_2)
FNDA:0,(anonymous_3)
FNDA:8,(anonymous_4)
DA:6,1
DA:7,2
DA:8,2
DA:9,2
DA:14,1
DA:17,0
DA:19,0
DA:20,0
DA:21,0
DA:23,0
DA:24,0
DA:27,0
DA:28,0
DA:32,0
DA:33,0
DA:37,0
DA:39,0
DA:40,0
DA:43,0
DA:48,0
DA:52,1
DA:54,0
DA:55,0
DA:58,0
DA:60,0
DA:66,1
DA:68,8
DA:70,8
DA:75,8
DA:78,1
DA:79,1
DA:83,2
DA:84,2
DA:85,2
DA:86,2
DA:87,2
DA:88,2
DA:90,2
DA:95,5
DA:100,8
DA:106,8
LF:41
LH:22
BRDA:19,0,0,0
BRDA:19,0,1,0
BRDA:19,1,0,0
BRDA:19,1,1,0
BRDA:39,2,0,0
BRDA:39,2,1,0
BRDA:68,3,0,8
BRDA:68,3,1,7
BRDA:68,3,2,6
BRDA:72,4,0,8
BRDA:72,4,1,7
BRDA:72,4,2,2
BRDA:75,5,0,1
BRDA:75,5,1,2
BRDA:75,5,2,5
BRF:15
BRH:9
end_of_record
TN:
SF:src/middleware/requestValidator.js
FN:4,(anonymous_0)
FN:10,(anonymous_1)
FNF:2
FNH:2
FNDA:15,(anonymous_0)
FNDA:11,(anonymous_1)
DA:4,1
DA:6,15
DA:7,3
DA:10,12
DA:11,11
DA:13,11
DA:14,1
DA:19,10
DA:21,7
DA:23,4
LF:10
LH:10
BRDA:6,0,0,3
BRDA:6,0,1,12
BRDA:6,1,0,15
BRDA:6,1,1,14
BRDA:6,1,2,13
BRDA:13,2,0,1
BRDA:13,2,1,10
BRDA:19,3,0,10
BRDA:19,3,1,0
BRF:9
BRH:8
end_of_record
TN:
SF:src/utils/cache.js
FN:4,(anonymous_0)
FN:8,(anonymous_1)
FNF:2
FNH:0
FNDA:0,(anonymous_0)
FNDA:0,(anonymous_1)
DA:2,1
DA:4,1
DA:5,0
DA:8,1
DA:9,0
LF:5
LH:3
BRF:0
BRH:0
end_of_record
TN:
SF:src/utils/customErrors.js
FN:2,(anonymous_0)
FN:12,(anonymous_1)
FNF:2
FNH:1
FNDA:0,(anonymous_0)
FNDA:3,(anonymous_1)
DA:2,3
DA:13,3
DA:14,3
LF:3
LH:3
BRF:0
BRH:0
end_of_record
TN:
SF:src/utils/fileProcessor.js
FN:7,(anonymous_0)
FN:26,(anonymous_1)
FN:36,(anonymous_2)
FN:51,(anonymous_3)
FNF:4
FNH:1
FNDA:6,(anonymous_0)
FNDA:0,(anonymous_1)
FNDA:0,(anonymous_2)
FNDA:0,(anonymous_3)
DA:7,1
DA:9,6
DA:10,6
DA:11,6
DA:14,6
DA:15,6
DA:17,0
DA:21,0
DA:22,0
DA:26,1
DA:27,0
DA:36,0
DA:37,0
DA:39,0
DA:40,0
DA:43,0
DA:44,0
DA:47,0
DA:51,0
DA:52,0
DA:55,0
DA:57,0
LF:22
LH:7
BRDA:14,0,0,6
BRDA:14,0,1,0
BRF:2
BRH:1
end_of_record
TN:
SF:src/utils/logger.js
FNF:0
FNH:0
DA:4,2
DA:18,2
LF:2
LH:2
BRDA:19,0,0,2
BRDA:19,0,1,2
BRDA:20,1,0,2
BRDA:20,1,1,0
BRF:4
BRH:3
end_of_record
TN:
SF:src/utils/paginator.js
FN:4,(anonymous_0)
FN:17,(anonymous_1)
FNF:2
FNH:2
FNDA:3,(anonymous_0)
FNDA:6,(anonymous_1)
DA:2,1
DA:4,1
DA:6,3
DA:7,0
DA:9,3
DA:10,3
DA:12,3
DA:13,3
DA:16,2
DA:18,6
DA:19,6
DA:20,6
DA:25,3
DA:26,3
DA:27,3
DA:28,3
DA:29,3
DA:31,3
DA:32,1
DA:35,3
LF:20
LH:19
BRDA:4,0,0,0
BRDA:4,1,0,1
BRDA:4,2,0,1
BRDA:6,3,0,0
BRDA:6,3,1,3
BRDA:9,4,0,0
BRDA:9,4,1,3
BRDA:10,5,0,0
BRDA:10,5,1,3
BRDA:13,6,0,2
BRDA:13,6,1,1
BRDA:27,7,0,2
BRDA:27,7,1,1
BRDA:31,8,0,1
BRDA:31,8,1,2
BRF:15
BRH:11
end_of_record
TN:
SF:src/utils/stats.js
FN:4,meanByKey
FN:9,(anonymous_1)
FN:16,(anonymous_2)
FNF:3
FNH:0
FNDA:0,meanByKey
FNDA:0,(anonymous_1)
FNDA:0,(anonymous_2)
DA:5,0
DA:6,0
DA:9,0
DA:12,0
DA:16,1
DA:18,0
DA:19,0
DA:25,0
DA:26,0
DA:28,0
DA:31,0
DA:35,0
DA:37,0
LF:13
LH:1
BRDA:5,0,0,0
BRDA:5,0,1,0
BRDA:5,1,0,0
BRDA:5,1,1,0
BRDA:16,2,0,0
BRDA:18,3,0,0
BRDA:18,3,1,0
BRDA:18,4,0,0
BRDA:18,4,1,0
BRDA:26,5,0,0
BRDA:26,5,1,0
BRF:11
BRH:0
end_of_record
